<?xml version="1.0" encoding="UTF-8"?>
<!-- Generated by org.testng.reporters.JUnitXMLReporter -->
<testsuite ignored="4" hostname="Shanti-Windows-Laptop" failures="0" tests="1" name="Default test" time="86.973" errors="0" timestamp="2024-02-21T19:27:50 PST">
  <testcase classname="SalesforceTestModules.SFLoginTCs" name="sfLoginTC3" time="72.091"/>
  <testcase classname="SalesforceTestModules.SFLoginTCs" name="sfLoginTC1" time="0.0">
    <ignored/>
  </testcase> <!-- sfLoginTC1 -->
  <testcase classname="SalesforceTestModules.SFLoginTCs" name="sfLoginTC2" time="0.0">
    <ignored/>
  </testcase> <!-- sfLoginTC2 -->
  <testcase classname="SalesforceTestModules.SFLoginTCs" name="sfLoginTC4B" time="0.0">
    <ignored/>
  </testcase> <!-- sfLoginTC4B -->
  <testcase classname="SalesforceTestModules.SFLoginTCs" name="sfLoginTC4A" time="0.0">
    <ignored/>
  </testcase> <!-- sfLoginTC4A -->
</testsuite> <!-- Default test -->
